<?xml version="1.0" encoding="UTF-8" ?>
<testsuite tests="4" failures="1" name="com.FlipKart.Test.CheckEndToEndFunctionalityTest" time="23.281" errors="0" skipped="0">
  <properties>
[...]
</properties>
  <testcase classname="com.FlipKart.Test.CheckEndToEndFunctionalityTest" name="test_1_LaunchTheBrowser" time="9.022"/>
  <testcase classname="com.FlipKart.Test.CheckEndToEndFunctionalityTest" name="test_2_LoginWithIncorrectCredentials" time="1.03"/>
  <testcase classname="com.FlipKart.Test.CheckEndToEndFunctionalityTest" name="test_3_LoginWithCorrectCredentials" time="5.646">
    <failure message="The following asserts failed:
	***** test_3_ In FlipKart application the user name is incorrect ***** expected [true] but found [false]" type="java.lang.AssertionError">java.lang.AssertionError: The following asserts failed:
	***** test_3_ In FlipKart application the user name is incorrect ***** expected [true] but found [false]
	at org.testng.asserts.SoftAssert.assertAll(SoftAssert.java:43)
	at com.FlipKart.Test.CheckEndToEndFunctionalityTest.test_3_LoginWithCorrectCredentials(CheckEndToEndFunctionalityTest.java:60)
</failure>
  </testcase>
  <testcase classname="com.FlipKart.Test.CheckEndToEndFunctionalityTest" name="test_4_SearchProductFromAutosuggestionBox" time="7.583"/>
</testsuite>